gpasm-1.6.1 (Apr 11 2014)    try.asm            2014-4-11  13:36:44          PAGE  1


LOC  OBJECT CODE     LINE SOURCE TEXT
  VALUE

                      00001 
                      00002 
0000                  00003         title "title1"
0000                  00004         subtitle "subtitle1"
                      00005 
                      00006 
                      00007         constant pos=0x20
  0000002A            00008 temp equ pos+10
                      00009 
0202                  00010         ORG 202h
0202                  00011 start:
0202   3B00           00012         dt 0
0203   5846           00013         movar 0x46
0204   7C2A           00014         addar temp
0205   782A           00015         andar temp
0206   7A20           00016         andra 0x20
                      00017         ;clrr d'11'
0207   7400           00018         clra
                      00019         ;movar T0CNT
                      00020         ;movar DDR1
                      00021 
0208   D222           00022         bclr 22h, 1
0209   E230           00023         jbset 30h, 1
                      00024 
020A   3F0A           00025         addai 10
020B   3C14           00026         movai 20
020C   3B16           00027         retai 22
                      00028 
020D   000E           00029         clrwdt
020E   000D           00030         retie
020F   000C           00031         return
0210   000B           00032         stop
0211   0000           00033         nop
0212   000A           00034         daa
0213   0009           00035         dsa
                      00036 
0214   1023           00037         adcar 23h
                      00038 
0215   821C           00039         call sub1
0216   A21B           00040         goto lb1
                      00041 
0217   2102 231C      00042         lcall sub1
0219   2002 231B      00043         lgoto lb1
                      00044 
                      00045         ;mular 0
                      00046         ;mulra 0
                      00047 
021B                  00048 lb1:
021B   0000           00049         nop
021C                  00050 sub1:
021C   000A           00051         daa
021D   000C           00052         return
                      00053 
                      00054         ;int
                      00055         ;option
                      00056 
                      00057         ;iost 7
                      00058 
                      00059         ;movra 44h
                      00060         ;addar 43h
                      00061 
                      00062         ;lgoto start
                      00063         ;lcall start
                      00064 
021E   0102 0102 0102 00065         fill 0x102, 5
       0102 0102      
                      00066         end
gpasm-1.6.1 (Apr 11 2014)    try.asm            2014-4-11  13:36:44          PAGE  2
title1
subtitle1
SYMBOL TABLE
  LABEL                             VALUE

__33P116                          00000001
lb1                               0000021B
pos                               00000020
start                             00000202
sub1                              0000021C
temp                              0000002A


MEMORY USAGE MAP ('X' = Used,  '-' = Unused)

0200 : --XXXXXXXXXXXXXX XXXXXXXXXXXXXXXX XXX------------- ----------------

All other memory blocks unused.

Program Memory Words Used:    33

Errors   :     0
Warnings :     0 reported,     0 suppressed
Messages :     0 reported,     0 suppressed

