gpasm-1.6.0 (Jan 21 2014)    try.asm            2014-1-21  18:52:23          PAGE  1


LOC  OBJECT CODE     LINE SOURCE TEXT
  VALUE

                      00001 
                      00002 
0000                  00003         title "title1"
0000                  00004         subtitle "subtitle1"
                      00005 
                      00006 
                      00007         constant pos=0x20
  0000002A            00008 temp equ pos+10
                      00009 
0202                  00010         ORG 202h
0202                  00011 start:
0202   0300           00012         dt 0
0203   0B06           00013         movar 0x46
0204   0FAA           00014         addar temp
0205   0F2A           00015         andar temp
0206   0F60           00016         andra 0x20
                      00017         ;clrr d'11'
0207   0E80           00018         clra
                      00019         ;movar T0CNT
                      00020         ;movar DDR1
                      00021 
0208   1A62           00022         bclr 22h, 1
0209   1C70           00023         jbset 30h, 1
                      00024 
020A   070A           00025         addai 10
020B   0414           00026         movai 20
020C   0316           00027         retai 22
                      00028 
020D   000E           00029         clrwdt
020E   000D           00030         retie
020F   000C           00031         return
0210   000B           00032         stop
0211   0000           00033         nop
0212   000A           00034         daa
0213   0009           00035         dsa
                      00036 
                      00037         ;adcar 23h
                      00038 
0214   1217           00039         call sub1
0215   1616           00040         goto lb1
0216                  00041 lb1:
0216   0000           00042         nop
0217                  00043 sub1:
0217   000A           00044         daa
0218   000C           00045         return
                      00046 
                      00047         ;int
                      00048         ;option
                      00049 
                      00050         ;iost 7
                      00051 
                      00052         ;movra 44h
                      00053         ;addar 43h
                      00054 
                      00055         ;lgoto start
                      00056         ;lcall start
                      00057 
0219   0102 0102 0102 00058         fill 0x102, 5
       0102 0102      
                      00059         end
gpasm-1.6.0 (Jan 21 2014)    try.asm            2014-1-21  18:52:23          PAGE  2
title1
subtitle1
SYMBOL TABLE
  LABEL                             VALUE

__31P11                           00000001
lb1                               00000216
pos                               00000020
start                             00000202
sub1                              00000217
temp                              0000002A


MEMORY USAGE MAP ('X' = Used,  '-' = Unused)

0200 : --XXXXXXXXXXXXXX XXXXXXXXXXXXXX-- ---------------- ----------------

All other memory blocks unused.

Program Memory Words Used:    28

Errors   :     0
Warnings :     0 reported,     0 suppressed
Messages :     0 reported,     0 suppressed

