gpasm-1.7.0_beta (Apr 11 2014)try.asm            2014-4-11  14:04:27          PAGE  1


LOC  OBJECT CODE     LINE SOURCE TEXT
  VALUE

                      00001 
                      00002 
0000                  00003         title "title1"
0000                  00004         subtitle "subtitle1"
                      00005 
                      00006 
                      00007         constant pos=0x20
  0000002A            00008 temp equ pos+10
                      00009 
0202                  00010         ORG 202h
0202                  00011 start:
0202   0300           00012         dt 0
0203   0B06           00013         movar 0x46
0204   0FAA           00014         addar temp
0205   0F2A           00015         andar temp
0206   0F60           00016         andra 0x20
                      00017         ;clrr d'11'
0207   0E80           00018         clra
                      00019         ;movar T0CNT
                      00020         ;movar DDR1
                      00021 
0208   1A62           00022         bclr 22h, 1
0209   1C70           00023         jbset 30h, 1
                      00024 
020A   070A           00025         addai 10
020B   0414           00026         movai 20
020C   0316           00027         retai 22
                      00028 
020D   000E           00029         clrwdt
020E   000D           00030         retie
020F   000C           00031         return
0210   000B           00032         stop
0211   0000           00033         nop
0212   000A           00034         daa
0213   0009           00035         dsa
                      00036 
                      00037         ;adcar 23h
                      00038 
0214   121B           00039         call sub1
0215   161A           00040         goto lb1
                      00041 
0216   0A90 003B      00042         lcall sub1
0218   0050 003A      00043         lgoto lb1
                      00044 
                      00045         ;mular 0
                      00046         ;mulra 0
                      00047 
021A                  00048 lb1:
021A   0000           00049         nop
021B                  00050 sub1:
021B   000A           00051         daa
021C   000C           00052         return
                      00053 
                      00054         ;int
                      00055         ;option
                      00056 
                      00057         ;iost 7
                      00058 
                      00059         ;movra 44h
                      00060         ;addar 43h
                      00061 
                      00062         ;lgoto start
                      00063         ;lcall start
                      00064 
021D   0102 0102 0102 00065         fill 0x102, 5
       0102 0102      
                      00066         end
gpasm-1.7.0_beta (Apr 11 2014)try.asm            2014-4-11  14:04:27          PAGE  2
title1
subtitle1
SYMBOL TABLE
  LABEL                             VALUE

__31P5130                         00000001
lb1                               0000021A
pos                               00000020
start                             00000202
sub1                              0000021B
temp                              0000002A


MEMORY USAGE MAP ('X' = Used,  '-' = Unused)

0200 : --XXXXXXXXXXXXXX XXXXXXXXXXXXXXXX XX-------------- ----------------

All other memory blocks unused.

Program Memory Words Used:    32

Errors   :     0
Warnings :     0 reported,     0 suppressed
Messages :     0 reported,     0 suppressed

