gpasm-1.8.1_beta1 (Dec 22 2016)try.asm            2016-12-22  13:15:53         PAGE  1


LOC  OBJECT CODE     LINE SOURCE TEXT
  VALUE

                      00001 
                      00002 
0000                  00003         title "title1"
0000                  00004         subtitle "subtitle1"
                      00005 
                      00006 
                      00007         constant pos=0x20
  0000002A            00008 temp equ pos+10
                      00009 
0202                  00010         ORG 202h
0202                  00011 start:
0202   3B00           00012         dt 0
0203   5846           00013         movar 0x46
0204   7C2A           00014         addar temp
0205   782A           00015         andar temp
0206   7A20           00016         andra 0x20
                      00017         ;clrr d'11'
0207   7400           00018         clra
                      00019         ;movar T0CNT
                      00020         ;movar DDR1
                      00021 
0208   D222           00022         bclr 22h, 1
0209   E230           00023         jbset 30h, 1
                      00024 
020A   3F0A           00025         addai 10
020B   3C14           00026         movai 20
020C   3B16           00027         retai 22
                      00028 
020D   000E           00029         clrwdt
020E   000D           00030         retie
020F   000C           00031         return
0210   000B           00032         stop
0211   0000           00033         nop
0212   000A           00034         daa
0213   0009           00035         dsa
0214   1402           00036         mular 2h
0215   1602           00037         mulra 2h
                      00038 
0216   1023           00039         adcar 23h
                      00040 
0217   821A           00041         call sub1
0218   A219           00042         goto lb1
                      00043 
                      00044         ;lcall sub1
                      00045         ;lgoto lb1
0219                  00046 lb1:
0219   0000           00047         nop
021A                  00048 sub1:
021A   000A           00049         daa
021B   000C           00050         return
                      00051 
                      00052         ;int
                      00053         ;option
                      00054 
                      00055         ;iost 7
                      00056 
                      00057         ;movra 44h
                      00058         ;addar 43h
                      00059 
                      00060         ;lgoto start
                      00061         ;lcall start
                      00062 
021C   0102 0102 0102 00063         fill 0x102, 5
       0102 0102      
                      00064         end
gpasm-1.8.1_beta1 (Dec 22 2016)try.asm            2016-12-22  13:15:53         PAGE  2
title1
subtitle1
SYMBOL TABLE
  LABEL                             VALUE

__9902                            00000001
lb1                               00000219
pos                               00000020
start                             00000202
sub1                              0000021A
temp                              0000002A


MEMORY USAGE MAP ('X' = Used,  '-' = Unused)

0200 : --XXXXXXXXXXXXXX XXXXXXXXXXXXXXXX X--------------- ----------------

All other memory blocks unused.

Program Memory Words Used:    31

Errors   :     0
Warnings :     0 reported,     0 suppressed
Messages :     0 reported,     0 suppressed

